  Actor.cpp
  Generating Code...
  Compiling...
  StudentWorld.cpp
c:\cs32\bugs-skeleton-windows\bugs\bugs\studentworld.cpp(309): error C2259: 'Anthill': cannot instantiate abstract class
  c:\cs32\bugs-skeleton-windows\bugs\bugs\studentworld.cpp(309): note: due to following members:
  c:\cs32\bugs-skeleton-windows\bugs\bugs\studentworld.cpp(309): note: 'void Actor::move(void)': is abstract
  c:\cs32\bugs-skeleton-windows\bugs\bugs\actor.h(79): note: see declaration of 'Actor::move'
c:\cs32\bugs-skeleton-windows\bugs\bugs\studentworld.cpp(316): error C2259: 'Food': cannot instantiate abstract class
  c:\cs32\bugs-skeleton-windows\bugs\bugs\studentworld.cpp(316): note: due to following members:
  c:\cs32\bugs-skeleton-windows\bugs\bugs\studentworld.cpp(316): note: 'void Actor::move(void)': is abstract
  c:\cs32\bugs-skeleton-windows\bugs\bugs\actor.h(79): note: see declaration of 'Actor::move'
c:\cs32\bugs-skeleton-windows\bugs\bugs\studentworld.cpp(322): error C2259: 'BabyGrasshopper': cannot instantiate abstract class
  c:\cs32\bugs-skeleton-windows\bugs\bugs\studentworld.cpp(322): note: due to following members:
  c:\cs32\bugs-skeleton-windows\bugs\bugs\studentworld.cpp(322): note: 'void Actor::move(void)': is abstract
  c:\cs32\bugs-skeleton-windows\bugs\bugs\actor.h(79): note: see declaration of 'Actor::move'
c:\cs32\bugs-skeleton-windows\bugs\bugs\studentworld.cpp(328): error C2259: 'WaterPool': cannot instantiate abstract class
  c:\cs32\bugs-skeleton-windows\bugs\bugs\studentworld.cpp(328): note: due to following members:
  c:\cs32\bugs-skeleton-windows\bugs\bugs\studentworld.cpp(328): note: 'void Actor::move(void)': is abstract
  c:\cs32\bugs-skeleton-windows\bugs\bugs\actor.h(79): note: see declaration of 'Actor::move'
c:\cs32\bugs-skeleton-windows\bugs\bugs\studentworld.cpp(334): error C2259: 'Pebble': cannot instantiate abstract class
  c:\cs32\bugs-skeleton-windows\bugs\bugs\studentworld.cpp(334): note: due to following members:
  c:\cs32\bugs-skeleton-windows\bugs\bugs\studentworld.cpp(334): note: 'void Actor::move(void)': is abstract
  c:\cs32\bugs-skeleton-windows\bugs\bugs\actor.h(79): note: see declaration of 'Actor::move'
c:\cs32\bugs-skeleton-windows\bugs\bugs\studentworld.cpp(340): error C2259: 'Poison': cannot instantiate abstract class
  c:\cs32\bugs-skeleton-windows\bugs\bugs\studentworld.cpp(340): note: due to following members:
  c:\cs32\bugs-skeleton-windows\bugs\bugs\studentworld.cpp(340): note: 'void Actor::move(void)': is abstract
  c:\cs32\bugs-skeleton-windows\bugs\bugs\actor.h(79): note: see declaration of 'Actor::move'
c:\cs32\bugs-skeleton-windows\bugs\bugs\studentworld.cpp(367): error C2259: 'Pheromone': cannot instantiate abstract class
  c:\cs32\bugs-skeleton-windows\bugs\bugs\studentworld.cpp(367): note: due to following members:
  c:\cs32\bugs-skeleton-windows\bugs\bugs\studentworld.cpp(367): note: 'void Actor::move(void)': is abstract
  c:\cs32\bugs-skeleton-windows\bugs\bugs\actor.h(79): note: see declaration of 'Actor::move'
c:\cs32\bugs-skeleton-windows\bugs\bugs\studentworld.cpp(390): error C2259: 'Food': cannot instantiate abstract class
  c:\cs32\bugs-skeleton-windows\bugs\bugs\studentworld.cpp(390): note: due to following members:
  c:\cs32\bugs-skeleton-windows\bugs\bugs\studentworld.cpp(390): note: 'void Actor::move(void)': is abstract
  c:\cs32\bugs-skeleton-windows\bugs\bugs\actor.h(79): note: see declaration of 'Actor::move'
c:\cs32\bugs-skeleton-windows\bugs\bugs\studentworld.cpp(407): error C2259: 'AdultGrasshopper': cannot instantiate abstract class
  c:\cs32\bugs-skeleton-windows\bugs\bugs\studentworld.cpp(407): note: due to following members:
  c:\cs32\bugs-skeleton-windows\bugs\bugs\studentworld.cpp(407): note: 'void Actor::move(void)': is abstract
  c:\cs32\bugs-skeleton-windows\bugs\bugs\actor.h(79): note: see declaration of 'Actor::move'
c:\cs32\bugs-skeleton-windows\bugs\bugs\studentworld.cpp(421): error C2259: 'Ant': cannot instantiate abstract class
  c:\cs32\bugs-skeleton-windows\bugs\bugs\studentworld.cpp(421): note: due to following members:
  c:\cs32\bugs-skeleton-windows\bugs\bugs\studentworld.cpp(421): note: 'void Actor::move(void)': is abstract
  c:\cs32\bugs-skeleton-windows\bugs\bugs\actor.h(79): note: see declaration of 'Actor::move'
  Generating Code...
